2020-08-01 17:54:40.594 === [main] === INFO  c.a.springboot.SpringBoot03LoggingApplicationTests - Starting SpringBoot03LoggingApplicationTests on MacBook-Pro.lan with PID 48466 (started by duan in /Users/bytedance/Desktop/spring-boot-03-logging)
2020-08-01 17:54:40.595 === [main] === DEBUG c.a.springboot.SpringBoot03LoggingApplicationTests - Running with Spring Boot v2.3.2.RELEASE, Spring v5.2.8.RELEASE
2020-08-01 17:54:40.596 === [main] === INFO  c.a.springboot.SpringBoot03LoggingApplicationTests - No active profile set, falling back to default profiles: default
2020-08-01 17:54:41.563 === [main] === INFO  o.s.scheduling.concurrent.ThreadPoolTaskExecutor - Initializing ExecutorService 'applicationTaskExecutor'
2020-08-01 17:54:41.876 === [main] === INFO  c.a.springboot.SpringBoot03LoggingApplicationTests - Started SpringBoot03LoggingApplicationTests in 1.543 seconds (JVM running for 2.407)
2020-08-01 17:54:42.042 === [main] === TRACE c.a.springboot.SpringBoot03LoggingApplicationTests - 这是trace日志...
2020-08-01 17:54:42.042 === [main] === DEBUG c.a.springboot.SpringBoot03LoggingApplicationTests - 这是debug日志...
2020-08-01 17:54:42.042 === [main] === INFO  c.a.springboot.SpringBoot03LoggingApplicationTests - 这是info日志...
2020-08-01 17:54:42.042 === [main] === WARN  c.a.springboot.SpringBoot03LoggingApplicationTests - 这是warn日志...
2020-08-01 17:54:42.042 === [main] === ERROR c.a.springboot.SpringBoot03LoggingApplicationTests - 这是error日志...
2020-08-01 17:54:42.056 === [SpringContextShutdownHook] === INFO  o.s.scheduling.concurrent.ThreadPoolTaskExecutor - Shutting down ExecutorService 'applicationTaskExecutor'
2020-08-01 17:59:08.081 === [main] === INFO  c.a.springboot.SpringBoot03LoggingApplicationTests - Starting SpringBoot03LoggingApplicationTests on MacBook-Pro.lan with PID 48572 (started by duan in /Users/bytedance/Desktop/spring-boot-03-logging)
2020-08-01 17:59:08.082 === [main] === DEBUG c.a.springboot.SpringBoot03LoggingApplicationTests - Running with Spring Boot v2.3.2.RELEASE, Spring v5.2.8.RELEASE
2020-08-01 17:59:08.083 === [main] === INFO  c.a.springboot.SpringBoot03LoggingApplicationTests - No active profile set, falling back to default profiles: default
2020-08-01 17:59:08.979 === [main] === INFO  o.s.scheduling.concurrent.ThreadPoolTaskExecutor - Initializing ExecutorService 'applicationTaskExecutor'
2020-08-01 17:59:09.230 === [main] === INFO  c.a.springboot.SpringBoot03LoggingApplicationTests - Started SpringBoot03LoggingApplicationTests in 1.438 seconds (JVM running for 2.274)
2020-08-01 17:59:09.377 === [main] === TRACE c.a.springboot.SpringBoot03LoggingApplicationTests - 这是trace日志...
2020-08-01 17:59:09.377 === [main] === DEBUG c.a.springboot.SpringBoot03LoggingApplicationTests - 这是debug日志...
2020-08-01 17:59:09.377 === [main] === INFO  c.a.springboot.SpringBoot03LoggingApplicationTests - 这是info日志...
2020-08-01 17:59:09.377 === [main] === WARN  c.a.springboot.SpringBoot03LoggingApplicationTests - 这是warn日志...
2020-08-01 17:59:09.377 === [main] === ERROR c.a.springboot.SpringBoot03LoggingApplicationTests - 这是error日志...
2020-08-01 17:59:09.391 === [SpringContextShutdownHook] === INFO  o.s.scheduling.concurrent.ThreadPoolTaskExecutor - Shutting down ExecutorService 'applicationTaskExecutor'
